2026-05-06 13:01:48,249 [INFO] ============================================================
2026-05-06 13:01:48,249 [INFO] Santa Fe EnerGov Data Scraper
2026-05-06 13:01:48,249 [INFO] ============================================================
2026-05-06 13:01:48,251 [INFO] 
2026-05-06 13:01:48,251 [INFO] Phase 2: Enriching permit details
2026-05-06 13:01:48,453 [INFO]   Resume: skipping 12584 permits already in DB
2026-05-06 13:01:48,453 [INFO] ─── Enriching 18351 permits ───
2026-05-06 13:01:48,453 [INFO]   50 / 18351 …
2026-05-06 13:01:48,453 [INFO]   100 / 18351 …
2026-05-06 13:01:50,692 [INFO]   150 / 18351 …
2026-05-06 13:01:50,692 [INFO]   200 / 18351 …
2026-05-06 13:01:52,558 [INFO]   250 / 18351 …
2026-05-06 13:01:52,559 [INFO]   300 / 18351 …
2026-05-06 13:01:52,559 [INFO]   350 / 18351 …
2026-05-06 13:01:52,559 [INFO]   400 / 18351 …
2026-05-06 13:01:52,559 [INFO]   450 / 18351 …
2026-05-06 13:01:52,559 [INFO]   500 / 18351 …
2026-05-06 13:01:52,559 [INFO]   550 / 18351 …
2026-05-06 13:01:52,559 [INFO]   600 / 18351 …
2026-05-06 13:01:52,559 [INFO]   650 / 18351 …
2026-05-06 13:01:52,559 [INFO]   700 / 18351 …
2026-05-06 13:01:52,559 [INFO]   750 / 18351 …
2026-05-06 13:01:52,559 [INFO]   800 / 18351 …
2026-05-06 13:01:52,559 [INFO]   850 / 18351 …
2026-05-06 13:01:52,559 [INFO]   900 / 18351 …
2026-05-06 13:01:52,559 [INFO]   950 / 18351 …
2026-05-06 13:01:52,559 [INFO]   1000 / 18351 …
2026-05-06 13:01:52,559 [INFO]   1050 / 18351 …
2026-05-06 13:01:52,559 [INFO]   1100 / 18351 …
2026-05-06 13:01:52,560 [INFO]   1150 / 18351 …
2026-05-06 13:01:52,560 [INFO]   1200 / 18351 …
2026-05-06 13:01:52,560 [INFO]   1250 / 18351 …
2026-05-06 13:01:52,560 [INFO]   1300 / 18351 …
2026-05-06 13:01:52,560 [INFO]   1350 / 18351 …
2026-05-06 13:01:52,560 [INFO]   1400 / 18351 …
2026-05-06 13:01:52,560 [INFO]   1450 / 18351 …
2026-05-06 13:01:52,560 [INFO]   1500 / 18351 …
2026-05-06 13:01:54,393 [INFO]   1550 / 18351 …
2026-05-06 13:01:58,149 [INFO]   1600 / 18351 …
2026-05-06 13:01:58,150 [INFO]   1650 / 18351 …
2026-05-06 13:01:58,150 [INFO]   1700 / 18351 …
2026-05-06 13:01:58,150 [INFO]   1750 / 18351 …
2026-05-06 13:01:58,150 [INFO]   1800 / 18351 …
2026-05-06 13:01:58,150 [INFO]   1850 / 18351 …
2026-05-06 13:01:58,150 [INFO]   1900 / 18351 …
2026-05-06 13:01:58,150 [INFO]   1950 / 18351 …
2026-05-06 13:01:58,150 [INFO]   2000 / 18351 …
2026-05-06 13:01:58,150 [INFO]   2050 / 18351 …
2026-05-06 13:01:58,150 [INFO]   2100 / 18351 …
2026-05-06 13:01:58,150 [INFO]   2150 / 18351 …
2026-05-06 13:01:58,150 [INFO]   2200 / 18351 …
2026-05-06 13:01:58,150 [INFO]   2250 / 18351 …
2026-05-06 13:01:58,150 [INFO]   2300 / 18351 …
2026-05-06 13:01:58,150 [INFO]   2350 / 18351 …
2026-05-06 13:01:58,150 [INFO]   2400 / 18351 …
2026-05-06 13:01:58,150 [INFO]   2450 / 18351 …
2026-05-06 13:01:58,150 [INFO]   2500 / 18351 …
2026-05-06 13:01:58,150 [INFO]   2550 / 18351 …
2026-05-06 13:01:58,150 [INFO]   2600 / 18351 …
2026-05-06 13:01:58,150 [INFO]   2650 / 18351 …
2026-05-06 13:01:58,150 [INFO]   2700 / 18351 …
2026-05-06 13:01:58,150 [INFO]   2750 / 18351 …
2026-05-06 13:01:58,150 [INFO]   2800 / 18351 …
2026-05-06 13:01:58,150 [INFO]   2850 / 18351 …
2026-05-06 13:01:58,150 [INFO]   2900 / 18351 …
2026-05-06 13:01:58,150 [INFO]   2950 / 18351 …
2026-05-06 13:01:58,150 [INFO]   3000 / 18351 …
2026-05-06 13:01:58,150 [INFO]   3050 / 18351 …
2026-05-06 13:01:58,150 [INFO]   3100 / 18351 …
2026-05-06 13:01:58,150 [INFO]   3150 / 18351 …
2026-05-06 13:01:58,150 [INFO]   3200 / 18351 …
2026-05-06 13:01:58,150 [INFO]   3250 / 18351 …
2026-05-06 13:01:58,150 [INFO]   3300 / 18351 …
2026-05-06 13:01:58,150 [INFO]   3350 / 18351 …
2026-05-06 13:01:58,150 [INFO]   3400 / 18351 …
2026-05-06 13:01:58,151 [INFO]   3450 / 18351 …
2026-05-06 13:01:58,151 [INFO]   3500 / 18351 …
2026-05-06 13:01:58,151 [INFO]   3550 / 18351 …
2026-05-06 13:01:58,151 [INFO]   3600 / 18351 …
2026-05-06 13:01:58,151 [INFO]   3650 / 18351 …
2026-05-06 13:01:58,151 [INFO]   3700 / 18351 …
2026-05-06 13:01:58,151 [INFO]   3750 / 18351 …
2026-05-06 13:01:58,151 [INFO]   3800 / 18351 …
2026-05-06 13:01:58,151 [INFO]   3850 / 18351 …
2026-05-06 13:01:58,151 [INFO]   3900 / 18351 …
2026-05-06 13:01:58,151 [INFO]   3950 / 18351 …
2026-05-06 13:01:58,151 [INFO]   4000 / 18351 …
2026-05-06 13:01:58,151 [INFO]   4050 / 18351 …
2026-05-06 13:01:58,151 [INFO]   4100 / 18351 …
2026-05-06 13:01:58,151 [INFO]   4150 / 18351 …
2026-05-06 13:01:58,151 [INFO]   4200 / 18351 …
2026-05-06 13:01:58,151 [INFO]   4250 / 18351 …
2026-05-06 13:01:58,151 [INFO]   4300 / 18351 …
2026-05-06 13:01:58,151 [INFO]   4350 / 18351 …
2026-05-06 13:01:58,151 [INFO]   4400 / 18351 …
2026-05-06 13:01:58,151 [INFO]   4450 / 18351 …
2026-05-06 13:01:58,151 [INFO]   4500 / 18351 …
2026-05-06 13:01:58,151 [INFO]   4550 / 18351 …
2026-05-06 13:01:58,151 [INFO]   4600 / 18351 …
2026-05-06 13:01:58,151 [INFO]   4650 / 18351 …
2026-05-06 13:01:58,151 [INFO]   4700 / 18351 …
2026-05-06 13:01:58,151 [INFO]   4750 / 18351 …
2026-05-06 13:01:58,151 [INFO]   4800 / 18351 …
2026-05-06 13:01:58,151 [INFO]   4850 / 18351 …
2026-05-06 13:01:58,151 [INFO]   4900 / 18351 …
2026-05-06 13:01:58,151 [INFO]   4950 / 18351 …
2026-05-06 13:01:58,151 [INFO]   5000 / 18351 …
2026-05-06 13:01:58,151 [INFO]   5050 / 18351 …
2026-05-06 13:01:58,151 [INFO]   5100 / 18351 …
2026-05-06 13:02:05,556 [INFO]   5150 / 18351 …
2026-05-06 13:02:05,556 [INFO]   5200 / 18351 …
2026-05-06 13:02:11,498 [INFO]   5250 / 18351 …
2026-05-06 13:02:14,981 [INFO]   5300 / 18351 …
2026-05-06 13:02:14,982 [INFO]   5350 / 18351 …
2026-05-06 13:02:14,982 [INFO]   5400 / 18351 …
2026-05-06 13:02:23,870 [INFO]   5450 / 18351 …
2026-05-06 13:02:27,500 [INFO]   5500 / 18351 …
2026-05-06 13:02:27,500 [INFO]   5550 / 18351 …
2026-05-06 13:02:29,238 [INFO]   5600 / 18351 …
2026-05-06 13:02:41,541 [INFO]   5650 / 18351 …
2026-05-06 13:02:41,542 [INFO]   5700 / 18351 …
2026-05-06 13:02:41,542 [INFO]   5750 / 18351 …
2026-05-06 13:02:41,542 [INFO]   5800 / 18351 …
2026-05-06 13:02:48,509 [INFO]   5850 / 18351 …
2026-05-06 13:02:50,229 [INFO]   5900 / 18351 …
2026-05-06 13:02:50,229 [INFO]   5950 / 18351 …
2026-05-06 13:02:50,229 [INFO]   6000 / 18351 …
2026-05-06 13:02:57,190 [INFO]   6050 / 18351 …
2026-05-06 13:03:11,400 [INFO]   6100 / 18351 …
2026-05-06 13:03:19,134 [INFO]   6150 / 18351 …
2026-05-06 13:03:27,855 [INFO]   6200 / 18351 …
2026-05-06 13:03:31,386 [INFO]   6250 / 18351 …
2026-05-06 13:03:31,386 [INFO]   6300 / 18351 …
2026-05-06 13:03:31,386 [INFO]   6350 / 18351 …
2026-05-06 13:03:31,386 [INFO]   6400 / 18351 …
2026-05-06 13:03:31,386 [INFO]   6450 / 18351 …
2026-05-06 13:03:31,386 [INFO]   6500 / 18351 …
2026-05-06 13:03:43,708 [INFO]   6550 / 18351 …
2026-05-06 13:03:43,709 [INFO]   6600 / 18351 …
2026-05-06 13:03:43,709 [INFO]   6650 / 18351 …
2026-05-06 13:03:49,021 [INFO]   6700 / 18351 …
2026-05-06 13:03:49,021 [INFO]   6750 / 18351 …
2026-05-06 13:03:49,021 [INFO]   6800 / 18351 …
2026-05-06 13:03:50,774 [INFO]   6850 / 18351 …
2026-05-06 13:04:01,249 [INFO]   6900 / 18351 …
2026-05-06 13:04:01,249 [INFO]   6950 / 18351 …
2026-05-06 13:04:01,249 [INFO]   7000 / 18351 …
2026-05-06 13:04:08,332 [INFO]   7050 / 18351 …
2026-05-06 13:04:20,644 [INFO]   7100 / 18351 …
2026-05-06 13:04:40,903 [INFO]   7150 / 18351 …
2026-05-06 13:04:46,266 [INFO]   7200 / 18351 …
2026-05-06 13:04:46,267 [INFO]   7250 / 18351 …
2026-05-06 13:04:46,267 [INFO]   7300 / 18351 …
2026-05-06 13:04:46,267 [INFO]   7350 / 18351 …
2026-05-06 13:04:46,267 [INFO]   7400 / 18351 …
2026-05-06 13:04:53,280 [INFO]   7450 / 18351 …
2026-05-06 13:04:58,517 [INFO]   7500 / 18351 …
2026-05-06 13:04:58,518 [INFO]   7550 / 18351 …
2026-05-06 13:04:58,518 [INFO]   7600 / 18351 …
2026-05-06 13:04:58,518 [INFO]   7650 / 18351 …
2026-05-06 13:05:00,294 [INFO]   7700 / 18351 …
2026-05-06 13:05:00,295 [INFO]   7750 / 18351 …
2026-05-06 13:05:00,296 [INFO]   7800 / 18351 …
2026-05-06 13:05:02,228 [INFO]   7850 / 18351 …
2026-05-06 13:05:02,229 [INFO]   7900 / 18351 …
2026-05-06 13:05:05,794 [INFO]   7950 / 18351 …
2026-05-06 13:05:05,794 [INFO]   8000 / 18351 …
2026-05-06 13:05:05,794 [INFO]   8050 / 18351 …
2026-05-06 13:05:05,794 [INFO]   8100 / 18351 …
2026-05-06 13:05:05,794 [INFO]   8150 / 18351 …
2026-05-06 13:05:07,577 [INFO]   8200 / 18351 …
2026-05-06 13:05:07,577 [INFO]   8250 / 18351 …
2026-05-06 13:05:07,577 [INFO]   8300 / 18351 …
2026-05-06 13:05:07,577 [INFO]   8350 / 18351 …
2026-05-06 13:05:07,577 [INFO]   8400 / 18351 …
2026-05-06 13:05:07,577 [INFO]   8450 / 18351 …
2026-05-06 13:05:07,577 [INFO]   8500 / 18351 …
2026-05-06 13:05:07,577 [INFO]   8550 / 18351 …
2026-05-06 13:05:07,577 [INFO]   8600 / 18351 …
2026-05-06 13:05:07,577 [INFO]   8650 / 18351 …
2026-05-06 13:05:09,329 [INFO]   8700 / 18351 …
2026-05-06 13:05:09,329 [INFO]   8750 / 18351 …
2026-05-06 13:05:09,329 [INFO]   8800 / 18351 …
2026-05-06 13:05:09,329 [INFO]   8850 / 18351 …
2026-05-06 13:05:11,086 [INFO]   8900 / 18351 …
2026-05-06 13:05:11,086 [INFO]   8950 / 18351 …
2026-05-06 13:05:11,086 [INFO]   9000 / 18351 …
2026-05-06 13:05:11,086 [INFO]   9050 / 18351 …
2026-05-06 13:05:18,383 [INFO]   9100 / 18351 …
2026-05-06 13:05:25,021 [INFO]   9150 / 18351 …
2026-05-06 13:05:36,868 [INFO]   9200 / 18351 …
2026-05-06 13:05:42,158 [INFO]   9250 / 18351 …
2026-05-06 13:05:42,162 [INFO]   9300 / 18351 …
2026-05-06 13:05:42,163 [INFO]   9350 / 18351 …
2026-05-06 13:05:42,163 [INFO]   9400 / 18351 …
2026-05-06 13:05:42,163 [INFO]   9450 / 18351 …
2026-05-06 13:05:42,163 [INFO]   9500 / 18351 …
2026-05-06 13:05:42,163 [INFO]   9550 / 18351 …
2026-05-06 13:05:42,163 [INFO]   9600 / 18351 …
2026-05-06 13:05:42,163 [INFO]   9650 / 18351 …
2026-05-06 13:05:42,163 [INFO]   9700 / 18351 …
2026-05-06 13:05:42,163 [INFO]   9750 / 18351 …
2026-05-06 13:05:42,163 [INFO]   9800 / 18351 …
2026-05-06 13:05:42,163 [INFO]   9850 / 18351 …
2026-05-06 13:05:42,163 [INFO]   9900 / 18351 …
2026-05-06 13:05:43,905 [INFO]   9950 / 18351 …
2026-05-06 13:05:43,905 [INFO]   10000 / 18351 …
2026-05-06 13:05:43,905 [INFO]   10050 / 18351 …
2026-05-06 13:05:43,905 [INFO]   10100 / 18351 …
2026-05-06 13:05:43,905 [INFO]   10150 / 18351 …
2026-05-06 13:05:43,905 [INFO]   10200 / 18351 …
2026-05-06 13:05:43,905 [INFO]   10250 / 18351 …
2026-05-06 13:05:43,905 [INFO]   10300 / 18351 …
2026-05-06 13:05:43,905 [INFO]   10350 / 18351 …
2026-05-06 13:05:43,905 [INFO]   10400 / 18351 …
2026-05-06 13:05:43,905 [INFO]   10450 / 18351 …
2026-05-06 13:05:43,905 [INFO]   10500 / 18351 …
2026-05-06 13:05:43,905 [INFO]   10550 / 18351 …
2026-05-06 13:05:43,905 [INFO]   10600 / 18351 …
2026-05-06 13:05:43,905 [INFO]   10650 / 18351 …
2026-05-06 13:05:45,651 [INFO]   10700 / 18351 …
2026-05-06 13:05:45,651 [INFO]   10750 / 18351 …
2026-05-06 13:05:47,395 [INFO]   10800 / 18351 …
2026-05-06 13:05:47,395 [INFO]   10850 / 18351 …
2026-05-06 13:05:47,395 [INFO]   10900 / 18351 …
2026-05-06 13:05:47,395 [INFO]   10950 / 18351 …
2026-05-06 13:05:47,395 [INFO]   11000 / 18351 …
2026-05-06 13:05:47,395 [INFO]   11050 / 18351 …
2026-05-06 13:05:47,395 [INFO]   11100 / 18351 …
2026-05-06 13:05:47,395 [INFO]   11150 / 18351 …
2026-05-06 13:05:47,395 [INFO]   11200 / 18351 …
2026-05-06 13:05:47,395 [INFO]   11250 / 18351 …
2026-05-06 13:05:49,207 [INFO]   11300 / 18351 …
2026-05-06 13:05:49,207 [INFO]   11350 / 18351 …
2026-05-06 13:05:49,207 [INFO]   11400 / 18351 …
2026-05-06 13:05:49,207 [INFO]   11450 / 18351 …
2026-05-06 13:05:49,207 [INFO]   11500 / 18351 …
2026-05-06 13:05:49,207 [INFO]   11550 / 18351 …
2026-05-06 13:05:49,207 [INFO]   11600 / 18351 …
2026-05-06 13:05:49,207 [INFO]   11650 / 18351 …
2026-05-06 13:05:49,207 [INFO]   11700 / 18351 …
2026-05-06 13:05:49,207 [INFO]   11750 / 18351 …
2026-05-06 13:05:49,207 [INFO]   11800 / 18351 …
2026-05-06 13:05:49,207 [INFO]   11850 / 18351 …
2026-05-06 13:05:50,930 [INFO]   11900 / 18351 …
2026-05-06 13:05:50,930 [INFO]   11950 / 18351 …
2026-05-06 13:05:50,930 [INFO]   12000 / 18351 …
2026-05-06 13:05:50,930 [INFO]   12050 / 18351 …
2026-05-06 13:06:29,887 [INFO]   12100 / 18351 …
2026-05-06 13:07:07,769 [INFO]   12150 / 18351 …
2026-05-06 13:08:13,368 [INFO]   12200 / 18351 …
2026-05-06 13:09:35,445 [INFO]   12250 / 18351 …
2026-05-06 13:11:07,433 [INFO]   12300 / 18351 …
2026-05-06 13:12:36,998 [INFO]   12350 / 18351 …
2026-05-06 13:14:07,211 [INFO]   12400 / 18351 …
2026-05-06 13:15:38,157 [INFO]   12450 / 18351 …
2026-05-06 13:17:07,305 [INFO]   12500 / 18351 …
2026-05-06 13:18:38,333 [INFO]   12550 / 18351 …
2026-05-06 13:20:12,046 [INFO]   12600 / 18351 …
2026-05-06 13:20:40,415 [WARNING] Permit enrich failed for 45f301f0-fb14-49e5-992b-bd7dc2f34ff8: 401 Client Error: Unauthorized for url: https://santafenm-energovpub.tylerhost.net/apps/selfservice/api/energov/permits/45f301f0-fb14-49e5-992b-bd7dc2f34ff8
2026-05-06 13:21:42,210 [INFO]   12650 / 18351 …
2026-05-06 13:23:12,073 [INFO]   12700 / 18351 …
2026-05-06 13:24:41,422 [INFO]   12750 / 18351 …
2026-05-06 13:26:11,193 [INFO]   12800 / 18351 …
2026-05-06 13:27:40,590 [INFO]   12850 / 18351 …
2026-05-06 13:29:10,748 [INFO]   12900 / 18351 …
2026-05-06 13:30:45,024 [INFO]   12950 / 18351 …
2026-05-06 13:32:15,104 [INFO]   13000 / 18351 …
2026-05-06 13:33:45,490 [INFO]   13050 / 18351 …
2026-05-06 13:35:14,571 [INFO]   13100 / 18351 …
2026-05-06 13:36:44,648 [INFO]   13150 / 18351 …
2026-05-06 13:38:14,925 [INFO]   13200 / 18351 …
2026-05-06 13:39:47,731 [INFO]   13250 / 18351 …
2026-05-06 13:41:17,611 [INFO]   13300 / 18351 …
2026-05-06 13:42:48,327 [INFO]   13350 / 18351 …
2026-05-06 13:44:18,527 [INFO]   13400 / 18351 …
2026-05-06 13:45:47,023 [INFO]   13450 / 18351 …
2026-05-06 13:47:21,013 [INFO]   13500 / 18351 …
2026-05-06 13:48:52,828 [INFO]   13550 / 18351 …
2026-05-06 13:50:22,423 [INFO]   13600 / 18351 …
2026-05-06 13:51:54,053 [INFO]   13650 / 18351 …
2026-05-06 13:53:24,161 [INFO]   13700 / 18351 …
2026-05-06 13:54:55,856 [INFO]   13750 / 18351 …
2026-05-06 13:56:26,101 [INFO]   13800 / 18351 …
2026-05-07 21:00:57,139 [INFO] ============================================================
2026-05-07 21:00:57,139 [INFO] Santa Fe EnerGov Data Scraper
2026-05-07 21:00:57,139 [INFO] ============================================================
2026-05-07 21:00:57,180 [INFO] 
2026-05-07 21:00:57,180 [INFO] Phase 2: Enriching permit details
2026-05-07 21:00:57,565 [INFO]   Resume: skipping 14408 permits already in DB
2026-05-07 21:00:57,566 [INFO] ─── Enriching 18351 permits ───
2026-05-07 21:00:57,566 [INFO]   50 / 18351 …
2026-05-07 21:00:57,566 [INFO]   100 / 18351 …
2026-05-07 21:00:57,566 [INFO]   150 / 18351 …
2026-05-07 21:00:57,566 [INFO]   200 / 18351 …
2026-05-07 21:00:57,566 [INFO]   250 / 18351 …
2026-05-07 21:00:57,566 [INFO]   300 / 18351 …
2026-05-07 21:00:57,566 [INFO]   350 / 18351 …
2026-05-07 21:00:57,566 [INFO]   400 / 18351 …
2026-05-07 21:00:57,566 [INFO]   450 / 18351 …
2026-05-07 21:00:57,566 [INFO]   500 / 18351 …
2026-05-07 21:00:57,566 [INFO]   550 / 18351 …
2026-05-07 21:00:57,566 [INFO]   600 / 18351 …
2026-05-07 21:00:57,566 [INFO]   650 / 18351 …
2026-05-07 21:00:57,566 [INFO]   700 / 18351 …
2026-05-07 21:00:57,566 [INFO]   750 / 18351 …
2026-05-07 21:00:57,566 [INFO]   800 / 18351 …
2026-05-07 21:00:57,566 [INFO]   850 / 18351 …
2026-05-07 21:00:57,566 [INFO]   900 / 18351 …
2026-05-07 21:00:57,567 [INFO]   950 / 18351 …
2026-05-07 21:00:57,567 [INFO]   1000 / 18351 …
2026-05-07 21:00:57,567 [INFO]   1050 / 18351 …
2026-05-07 21:00:57,567 [INFO]   1100 / 18351 …
2026-05-07 21:00:57,567 [INFO]   1150 / 18351 …
2026-05-07 21:00:57,568 [INFO]   1200 / 18351 …
2026-05-07 21:00:57,568 [INFO]   1250 / 18351 …
2026-05-07 21:00:57,568 [INFO]   1300 / 18351 …
2026-05-07 21:00:57,568 [INFO]   1350 / 18351 …
2026-05-07 21:00:57,568 [INFO]   1400 / 18351 …
2026-05-07 21:00:57,568 [INFO]   1450 / 18351 …
2026-05-07 21:00:57,568 [INFO]   1500 / 18351 …
2026-05-07 21:00:57,568 [INFO]   1550 / 18351 …
2026-05-07 21:00:57,568 [INFO]   1600 / 18351 …
2026-05-07 21:00:57,568 [INFO]   1650 / 18351 …
2026-05-07 21:00:57,568 [INFO]   1700 / 18351 …
2026-05-07 21:00:57,568 [INFO]   1750 / 18351 …
2026-05-07 21:00:57,568 [INFO]   1800 / 18351 …
2026-05-07 21:00:57,568 [INFO]   1850 / 18351 …
2026-05-07 21:00:57,568 [INFO]   1900 / 18351 …
2026-05-07 21:00:57,568 [INFO]   1950 / 18351 …
2026-05-07 21:00:57,568 [INFO]   2000 / 18351 …
2026-05-07 21:00:57,568 [INFO]   2050 / 18351 …
2026-05-07 21:00:57,568 [INFO]   2100 / 18351 …
2026-05-07 21:00:57,568 [INFO]   2150 / 18351 …
2026-05-07 21:00:57,568 [INFO]   2200 / 18351 …
2026-05-07 21:00:57,568 [INFO]   2250 / 18351 …
2026-05-07 21:00:57,568 [INFO]   2300 / 18351 …
2026-05-07 21:00:57,568 [INFO]   2350 / 18351 …
2026-05-07 21:00:57,568 [INFO]   2400 / 18351 …
2026-05-07 21:00:57,568 [INFO]   2450 / 18351 …
2026-05-07 21:00:57,568 [INFO]   2500 / 18351 …
2026-05-07 21:00:57,568 [INFO]   2550 / 18351 …
2026-05-07 21:00:57,568 [INFO]   2600 / 18351 …
2026-05-07 21:00:57,568 [INFO]   2650 / 18351 …
2026-05-07 21:00:57,568 [INFO]   2700 / 18351 …
2026-05-07 21:00:57,568 [INFO]   2750 / 18351 …
2026-05-07 21:00:57,568 [INFO]   2800 / 18351 …
2026-05-07 21:00:57,568 [INFO]   2850 / 18351 …
2026-05-07 21:00:57,568 [INFO]   2900 / 18351 …
2026-05-07 21:00:57,568 [INFO]   2950 / 18351 …
2026-05-07 21:00:57,568 [INFO]   3000 / 18351 …
2026-05-07 21:00:57,568 [INFO]   3050 / 18351 …
2026-05-07 21:00:57,568 [INFO]   3100 / 18351 …
2026-05-07 21:00:57,568 [INFO]   3150 / 18351 …
2026-05-07 21:00:57,569 [INFO]   3200 / 18351 …
2026-05-07 21:00:57,569 [INFO]   3250 / 18351 …
2026-05-07 21:00:57,569 [INFO]   3300 / 18351 …
2026-05-07 21:00:57,569 [INFO]   3350 / 18351 …
2026-05-07 21:00:57,569 [INFO]   3400 / 18351 …
2026-05-07 21:00:57,569 [INFO]   3450 / 18351 …
2026-05-07 21:00:57,569 [INFO]   3500 / 18351 …
2026-05-07 21:00:57,570 [INFO]   3550 / 18351 …
2026-05-07 21:00:57,570 [INFO]   3600 / 18351 …
2026-05-07 21:00:57,570 [INFO]   3650 / 18351 …
2026-05-07 21:00:57,570 [INFO]   3700 / 18351 …
2026-05-07 21:00:57,570 [INFO]   3750 / 18351 …
2026-05-07 21:00:57,570 [INFO]   3800 / 18351 …
2026-05-07 21:00:57,570 [INFO]   3850 / 18351 …
2026-05-07 21:00:57,570 [INFO]   3900 / 18351 …
2026-05-07 21:00:57,570 [INFO]   3950 / 18351 …
2026-05-07 21:00:57,570 [INFO]   4000 / 18351 …
2026-05-07 21:00:57,570 [INFO]   4050 / 18351 …
2026-05-07 21:00:57,570 [INFO]   4100 / 18351 …
2026-05-07 21:00:57,570 [INFO]   4150 / 18351 …
2026-05-07 21:00:57,570 [INFO]   4200 / 18351 …
2026-05-07 21:00:57,570 [INFO]   4250 / 18351 …
2026-05-07 21:00:57,570 [INFO]   4300 / 18351 …
2026-05-07 21:00:57,570 [INFO]   4350 / 18351 …
2026-05-07 21:00:57,570 [INFO]   4400 / 18351 …
2026-05-07 21:00:57,570 [INFO]   4450 / 18351 …
2026-05-07 21:00:57,570 [INFO]   4500 / 18351 …
2026-05-07 21:00:57,570 [INFO]   4550 / 18351 …
2026-05-07 21:00:57,570 [INFO]   4600 / 18351 …
2026-05-07 21:00:57,570 [INFO]   4650 / 18351 …
2026-05-07 21:00:57,570 [INFO]   4700 / 18351 …
2026-05-07 21:00:57,570 [INFO]   4750 / 18351 …
2026-05-07 21:00:57,570 [INFO]   4800 / 18351 …
2026-05-07 21:00:57,570 [INFO]   4850 / 18351 …
2026-05-07 21:00:57,570 [INFO]   4900 / 18351 …
2026-05-07 21:00:57,570 [INFO]   4950 / 18351 …
2026-05-07 21:00:57,570 [INFO]   5000 / 18351 …
2026-05-07 21:00:57,570 [INFO]   5050 / 18351 …
2026-05-07 21:00:57,570 [INFO]   5100 / 18351 …
2026-05-07 21:00:57,570 [INFO]   5150 / 18351 …
2026-05-07 21:00:57,570 [INFO]   5200 / 18351 …
2026-05-07 21:00:57,571 [INFO]   5250 / 18351 …
2026-05-07 21:00:57,571 [INFO]   5300 / 18351 …
2026-05-07 21:00:57,571 [INFO]   5350 / 18351 …
2026-05-07 21:00:57,571 [INFO]   5400 / 18351 …
2026-05-07 21:00:57,571 [INFO]   5450 / 18351 …
2026-05-07 21:00:57,571 [INFO]   5500 / 18351 …
2026-05-07 21:00:57,571 [INFO]   5550 / 18351 …
2026-05-07 21:00:57,571 [INFO]   5600 / 18351 …
2026-05-07 21:00:57,571 [INFO]   5650 / 18351 …
2026-05-07 21:00:57,571 [INFO]   5700 / 18351 …
2026-05-07 21:00:57,571 [INFO]   5750 / 18351 …
2026-05-07 21:00:57,571 [INFO]   5800 / 18351 …
2026-05-07 21:00:57,571 [INFO]   5850 / 18351 …
2026-05-07 21:00:57,571 [INFO]   5900 / 18351 …
2026-05-07 21:00:57,571 [INFO]   5950 / 18351 …
2026-05-07 21:00:57,571 [INFO]   6000 / 18351 …
2026-05-07 21:00:57,571 [INFO]   6050 / 18351 …
2026-05-07 21:00:57,571 [INFO]   6100 / 18351 …
2026-05-07 21:00:57,571 [INFO]   6150 / 18351 …
2026-05-07 21:00:57,571 [INFO]   6200 / 18351 …
2026-05-07 21:00:57,571 [INFO]   6250 / 18351 …
2026-05-07 21:00:57,572 [INFO]   6300 / 18351 …
2026-05-07 21:00:57,572 [INFO]   6350 / 18351 …
2026-05-07 21:00:57,572 [INFO]   6400 / 18351 …
2026-05-07 21:00:57,572 [INFO]   6450 / 18351 …
2026-05-07 21:00:57,573 [INFO]   6500 / 18351 …
2026-05-07 21:00:57,573 [INFO]   6550 / 18351 …
2026-05-07 21:00:57,573 [INFO]   6600 / 18351 …
2026-05-07 21:00:57,573 [INFO]   6650 / 18351 …
2026-05-07 21:00:57,573 [INFO]   6700 / 18351 …
2026-05-07 21:00:57,573 [INFO]   6750 / 18351 …
2026-05-07 21:00:57,573 [INFO]   6800 / 18351 …
2026-05-07 21:00:57,573 [INFO]   6850 / 18351 …
2026-05-07 21:00:57,573 [INFO]   6900 / 18351 …
2026-05-07 21:00:57,573 [INFO]   6950 / 18351 …
2026-05-07 21:00:57,573 [INFO]   7000 / 18351 …
2026-05-07 21:00:57,573 [INFO]   7050 / 18351 …
2026-05-07 21:00:57,573 [INFO]   7100 / 18351 …
2026-05-07 21:00:57,573 [INFO]   7150 / 18351 …
2026-05-07 21:00:57,573 [INFO]   7200 / 18351 …
2026-05-07 21:00:57,573 [INFO]   7250 / 18351 …
2026-05-07 21:00:57,573 [INFO]   7300 / 18351 …
2026-05-07 21:00:57,573 [INFO]   7350 / 18351 …
2026-05-07 21:00:57,573 [INFO]   7400 / 18351 …
2026-05-07 21:00:57,573 [INFO]   7450 / 18351 …
2026-05-07 21:00:57,573 [INFO]   7500 / 18351 …
2026-05-07 21:00:57,573 [INFO]   7550 / 18351 …
2026-05-07 21:00:57,573 [INFO]   7600 / 18351 …
2026-05-07 21:00:57,573 [INFO]   7650 / 18351 …
2026-05-07 21:00:57,573 [INFO]   7700 / 18351 …
2026-05-07 21:00:57,573 [INFO]   7750 / 18351 …
2026-05-07 21:00:57,573 [INFO]   7800 / 18351 …
2026-05-07 21:00:57,573 [INFO]   7850 / 18351 …
2026-05-07 21:00:57,573 [INFO]   7900 / 18351 …
2026-05-07 21:00:57,573 [INFO]   7950 / 18351 …
2026-05-07 21:00:57,573 [INFO]   8000 / 18351 …
2026-05-07 21:00:57,573 [INFO]   8050 / 18351 …
2026-05-07 21:00:57,573 [INFO]   8100 / 18351 …
2026-05-07 21:00:57,573 [INFO]   8150 / 18351 …
2026-05-07 21:00:57,573 [INFO]   8200 / 18351 …
2026-05-07 21:00:57,573 [INFO]   8250 / 18351 …
2026-05-07 21:00:57,573 [INFO]   8300 / 18351 …
2026-05-07 21:00:57,573 [INFO]   8350 / 18351 …
2026-05-07 21:00:57,573 [INFO]   8400 / 18351 …
2026-05-07 21:00:57,573 [INFO]   8450 / 18351 …
2026-05-07 21:00:57,574 [INFO]   8500 / 18351 …
2026-05-07 21:00:57,574 [INFO]   8550 / 18351 …
2026-05-07 21:00:57,574 [INFO]   8600 / 18351 …
2026-05-07 21:00:57,574 [INFO]   8650 / 18351 …
2026-05-07 21:00:57,574 [INFO]   8700 / 18351 …
2026-05-07 21:00:57,574 [INFO]   8750 / 18351 …
2026-05-07 21:00:57,574 [INFO]   8800 / 18351 …
2026-05-07 21:00:57,574 [INFO]   8850 / 18351 …
2026-05-07 21:00:57,574 [INFO]   8900 / 18351 …
2026-05-07 21:00:57,574 [INFO]   8950 / 18351 …
2026-05-07 21:00:57,574 [INFO]   9000 / 18351 …
2026-05-07 21:00:57,574 [INFO]   9050 / 18351 …
2026-05-07 21:00:57,574 [INFO]   9100 / 18351 …
2026-05-07 21:00:57,574 [INFO]   9150 / 18351 …
2026-05-07 21:00:57,574 [INFO]   9200 / 18351 …
2026-05-07 21:00:57,574 [INFO]   9250 / 18351 …
2026-05-07 21:00:57,574 [INFO]   9300 / 18351 …
2026-05-07 21:00:57,574 [INFO]   9350 / 18351 …
2026-05-07 21:00:57,574 [INFO]   9400 / 18351 …
2026-05-07 21:00:57,574 [INFO]   9450 / 18351 …
2026-05-07 21:00:57,574 [INFO]   9500 / 18351 …
2026-05-07 21:00:57,574 [INFO]   9550 / 18351 …
2026-05-07 21:00:57,574 [INFO]   9600 / 18351 …
2026-05-07 21:00:57,574 [INFO]   9650 / 18351 …
2026-05-07 21:00:57,574 [INFO]   9700 / 18351 …
2026-05-07 21:00:57,574 [INFO]   9750 / 18351 …
2026-05-07 21:00:57,574 [INFO]   9800 / 18351 …
2026-05-07 21:00:57,574 [INFO]   9850 / 18351 …
2026-05-07 21:00:57,574 [INFO]   9900 / 18351 …
2026-05-07 21:00:57,574 [INFO]   9950 / 18351 …
2026-05-07 21:00:57,574 [INFO]   10000 / 18351 …
2026-05-07 21:00:57,575 [INFO]   10050 / 18351 …
2026-05-07 21:00:57,575 [INFO]   10100 / 18351 …
2026-05-07 21:00:57,575 [INFO]   10150 / 18351 …
2026-05-07 21:00:57,575 [INFO]   10200 / 18351 …
2026-05-07 21:00:57,575 [INFO]   10250 / 18351 …
2026-05-07 21:00:57,575 [INFO]   10300 / 18351 …
2026-05-07 21:00:57,575 [INFO]   10350 / 18351 …
2026-05-07 21:00:57,575 [INFO]   10400 / 18351 …
2026-05-07 21:00:57,575 [INFO]   10450 / 18351 …
2026-05-07 21:00:57,575 [INFO]   10500 / 18351 …
2026-05-07 21:00:57,575 [INFO]   10550 / 18351 …
2026-05-07 21:00:57,575 [INFO]   10600 / 18351 …
2026-05-07 21:00:57,575 [INFO]   10650 / 18351 …
2026-05-07 21:00:57,575 [INFO]   10700 / 18351 …
2026-05-07 21:00:57,575 [INFO]   10750 / 18351 …
2026-05-07 21:00:57,575 [INFO]   10800 / 18351 …
2026-05-07 21:00:57,575 [INFO]   10850 / 18351 …
2026-05-07 21:00:57,575 [INFO]   10900 / 18351 …
2026-05-07 21:00:57,575 [INFO]   10950 / 18351 …
2026-05-07 21:00:57,575 [INFO]   11000 / 18351 …
2026-05-07 21:00:57,575 [INFO]   11050 / 18351 …
2026-05-07 21:00:57,575 [INFO]   11100 / 18351 …
2026-05-07 21:00:57,575 [INFO]   11150 / 18351 …
2026-05-07 21:00:57,575 [INFO]   11200 / 18351 …
2026-05-07 21:00:57,575 [INFO]   11250 / 18351 …
2026-05-07 21:00:57,575 [INFO]   11300 / 18351 …
2026-05-07 21:00:57,575 [INFO]   11350 / 18351 …
2026-05-07 21:00:57,575 [INFO]   11400 / 18351 …
2026-05-07 21:00:57,575 [INFO]   11450 / 18351 …
2026-05-07 21:00:57,575 [INFO]   11500 / 18351 …
2026-05-07 21:00:57,575 [INFO]   11550 / 18351 …
2026-05-07 21:00:57,575 [INFO]   11600 / 18351 …
2026-05-07 21:00:57,575 [INFO]   11650 / 18351 …
2026-05-07 21:00:57,575 [INFO]   11700 / 18351 …
2026-05-07 21:00:57,575 [INFO]   11750 / 18351 …
2026-05-07 21:00:57,575 [INFO]   11800 / 18351 …
2026-05-07 21:00:57,575 [INFO]   11850 / 18351 …
2026-05-07 21:00:57,575 [INFO]   11900 / 18351 …
2026-05-07 21:00:57,575 [INFO]   11950 / 18351 …
2026-05-07 21:00:57,575 [INFO]   12000 / 18351 …
2026-05-07 21:00:57,575 [INFO]   12050 / 18351 …
2026-05-07 21:00:57,575 [INFO]   12100 / 18351 …
2026-05-07 21:00:57,575 [INFO]   12150 / 18351 …
2026-05-07 21:00:57,576 [INFO]   12200 / 18351 …
2026-05-07 21:00:57,576 [INFO]   12250 / 18351 …
2026-05-07 21:00:57,577 [INFO]   12300 / 18351 …
2026-05-07 21:00:57,577 [INFO]   12350 / 18351 …
2026-05-07 21:00:57,577 [INFO]   12400 / 18351 …
2026-05-07 21:00:57,577 [INFO]   12450 / 18351 …
2026-05-07 21:00:57,577 [INFO]   12500 / 18351 …
2026-05-07 21:00:57,577 [INFO]   12550 / 18351 …
2026-05-07 21:00:57,577 [INFO]   12600 / 18351 …
2026-05-07 21:00:59,743 [INFO]   12650 / 18351 …
2026-05-07 21:00:59,743 [INFO]   12700 / 18351 …
2026-05-07 21:00:59,743 [INFO]   12750 / 18351 …
2026-05-07 21:00:59,743 [INFO]   12800 / 18351 …
2026-05-07 21:00:59,743 [INFO]   12850 / 18351 …
2026-05-07 21:00:59,743 [INFO]   12900 / 18351 …
2026-05-07 21:00:59,743 [INFO]   12950 / 18351 …
2026-05-07 21:00:59,744 [INFO]   13000 / 18351 …
2026-05-07 21:00:59,744 [INFO]   13050 / 18351 …
2026-05-07 21:00:59,744 [INFO]   13100 / 18351 …
2026-05-07 21:00:59,744 [INFO]   13150 / 18351 …
2026-05-07 21:00:59,744 [INFO]   13200 / 18351 …
2026-05-07 21:00:59,744 [INFO]   13250 / 18351 …
2026-05-07 21:00:59,744 [INFO]   13300 / 18351 …
2026-05-07 21:00:59,744 [INFO]   13350 / 18351 …
2026-05-07 21:00:59,744 [INFO]   13400 / 18351 …
2026-05-07 21:00:59,744 [INFO]   13450 / 18351 …
2026-05-07 21:00:59,744 [INFO]   13500 / 18351 …
2026-05-07 21:00:59,744 [INFO]   13550 / 18351 …
2026-05-07 21:00:59,744 [INFO]   13600 / 18351 …
2026-05-07 21:00:59,744 [INFO]   13650 / 18351 …
2026-05-07 21:00:59,744 [INFO]   13700 / 18351 …
2026-05-07 21:00:59,744 [INFO]   13750 / 18351 …
2026-05-07 21:00:59,745 [INFO]   13800 / 18351 …
2026-05-07 21:01:50,880 [INFO]   13850 / 18351 …
2026-05-07 21:03:35,244 [INFO]   13900 / 18351 …
2026-05-07 21:06:08,408 [INFO]   13950 / 18351 …
2026-05-07 21:11:26,953 [INFO]   14000 / 18351 …
2026-05-07 21:12:57,105 [WARNING] Transient error permit 93f9ca43-1a90-40d3-a688-bd297aacf272 attempt 1: HTTPSConnectionPool(host='santafenm-energovpub.tylerhost.net', port=443): Read timed out. (read timeout=30); sleeping 1s
2026-05-07 21:14:53,559 [INFO]   14050 / 18351 …
2026-05-07 21:16:20,865 [INFO]   14100 / 18351 …
