2026-04-09 21:02:01,009 [INFO] ============================================================
2026-04-09 21:02:01,009 [INFO] Santa Fe EnerGov Data Scraper
2026-04-09 21:02:01,009 [INFO] ============================================================
2026-04-09 21:02:01,012 [INFO] 
2026-04-09 21:02:01,012 [INFO] Phase 1: Scraping inspections 2025-04-09 → 2026-04-09 (365 days)
2026-04-09 21:02:01,012 [INFO]   [1/366] 2025-04-09 …
2026-04-09 21:02:02,817 [INFO]          93 inspections
2026-04-09 21:02:04,322 [INFO]   [2/366] 2025-04-10 …
2026-04-09 21:02:04,677 [INFO]          100 inspections
2026-04-09 21:02:06,182 [INFO]   [3/366] 2025-04-11 …
2026-04-09 21:02:06,520 [INFO]          71 inspections
2026-04-09 21:02:08,026 [INFO]   [4/366] 2025-04-12 …
2026-04-09 21:02:09,730 [INFO]   [5/366] 2025-04-13 …
2026-04-09 21:02:11,460 [INFO]   [6/366] 2025-04-14 …
2026-04-09 21:02:13,602 [INFO]          105 inspections
2026-04-09 21:02:15,105 [INFO]   [7/366] 2025-04-15 …
2026-04-09 21:02:17,264 [INFO]          123 inspections
2026-04-09 21:02:18,769 [INFO]   [8/366] 2025-04-16 …
2026-04-09 21:02:20,930 [INFO]          113 inspections
2026-04-09 21:02:22,434 [INFO]   [9/366] 2025-04-17 …
2026-04-09 21:02:24,557 [INFO]          111 inspections
2026-04-09 21:02:26,061 [INFO]   [10/366] 2025-04-18 …
2026-04-09 21:02:26,431 [INFO]          56 inspections
2026-04-09 21:02:27,938 [INFO]   [11/366] 2025-04-19 …
2026-04-09 21:02:29,648 [INFO]   [12/366] 2025-04-20 …
2026-04-09 21:02:31,372 [INFO]   [13/366] 2025-04-21 …
2026-04-09 21:02:31,720 [INFO]          88 inspections
2026-04-09 21:02:33,228 [INFO]   [14/366] 2025-04-22 …
2026-04-09 21:02:33,677 [INFO]          100 inspections
2026-04-09 21:02:35,180 [INFO]   [15/366] 2025-04-23 …
2026-04-09 21:02:37,484 [INFO]          134 inspections
2026-04-09 21:02:38,998 [INFO]   [16/366] 2025-04-24 …
2026-04-09 21:02:41,235 [INFO]          111 inspections
2026-04-09 21:02:42,742 [INFO]   [17/366] 2025-04-25 …
2026-04-09 21:02:43,065 [INFO]          67 inspections
2026-04-09 21:02:44,570 [INFO]   [18/366] 2025-04-26 …
2026-04-09 21:02:46,305 [INFO]   [19/366] 2025-04-27 …
2026-04-09 21:02:48,004 [INFO]   [20/366] 2025-04-28 …
2026-04-09 21:02:50,115 [INFO]          117 inspections
2026-04-09 21:02:51,622 [INFO]   [21/366] 2025-04-29 …
2026-04-09 21:02:53,977 [INFO]          126 inspections
